[0.056s] DEBUG:colcon:Command line arguments: ['/usr/bin/colcon', 'build', '--packages-select', 'bot_bringup']
[0.056s] DEBUG:colcon:Parsed command line arguments: Namespace(log_base=None, log_level=None, verb_name='build', build_base='build', install_base='install', merge_install=False, symlink_install=False, test_result_base=None, continue_on_error=False, executor='parallel', parallel_workers=16, event_handlers=None, ignore_user_meta=False, metas=['./colcon.meta'], base_paths=['.'], packages_ignore=None, packages_ignore_regex=None, paths=None, packages_up_to=None, packages_up_to_regex=None, packages_above=None, packages_above_and_dependencies=None, packages_above_depth=None, packages_select_by_dep=None, packages_skip_by_dep=None, packages_skip_up_to=None, packages_select_build_failed=False, packages_skip_build_finished=False, packages_select_test_failures=False, packages_skip_test_passed=False, packages_select=['bot_bringup'], packages_skip=None, packages_select_regex=None, packages_skip_regex=None, packages_start=None, packages_end=None, allow_overriding=[], cmake_args=None, cmake_target=None, cmake_target_skip_unavailable=False, cmake_clean_cache=False, cmake_clean_first=False, cmake_force_configure=False, ament_cmake_args=None, catkin_cmake_args=None, catkin_skip_building_tests=False, mixin_files=None, mixin=None, verb_parser=<colcon_mixin.mixin.mixin_argument.MixinArgumentDecorator object at 0x729abca61300>, verb_extension=<colcon_core.verb.build.BuildVerb object at 0x729abca60dc0>, main=<bound method BuildVerb.main of <colcon_core.verb.build.BuildVerb object at 0x729abca60dc0>>, mixin_verb=('build',))
[0.139s] Level 1:colcon.colcon_core.package_discovery:discover_packages(colcon_meta) check parameters
[0.139s] Level 1:colcon.colcon_core.package_discovery:discover_packages(recursive) check parameters
[0.139s] Level 1:colcon.colcon_core.package_discovery:discover_packages(ignore) check parameters
[0.139s] Level 1:colcon.colcon_core.package_discovery:discover_packages(path) check parameters
[0.139s] Level 1:colcon.colcon_core.package_discovery:discover_packages(colcon_meta) discover
[0.139s] Level 1:colcon.colcon_core.package_discovery:discover_packages(recursive) discover
[0.139s] INFO:colcon.colcon_core.package_discovery:Crawling recursively for packages in '/home/kraiwich/Lab1_ws'
[0.139s] Level 1:colcon.colcon_core.package_identification:_identify(.) by extensions ['ignore', 'ignore_ament_install']
[0.139s] Level 1:colcon.colcon_core.package_identification:_identify(.) by extension 'ignore'
[0.139s] Level 1:colcon.colcon_core.package_identification:_identify(.) by extension 'ignore_ament_install'
[0.139s] Level 1:colcon.colcon_core.package_identification:_identify(.) by extensions ['colcon_pkg']
[0.139s] Level 1:colcon.colcon_core.package_identification:_identify(.) by extension 'colcon_pkg'
[0.139s] Level 1:colcon.colcon_core.package_identification:_identify(.) by extensions ['colcon_meta']
[0.139s] Level 1:colcon.colcon_core.package_identification:_identify(.) by extension 'colcon_meta'
[0.139s] Level 1:colcon.colcon_core.package_identification:_identify(.) by extensions ['ros']
[0.139s] Level 1:colcon.colcon_core.package_identification:_identify(.) by extension 'ros'
[0.145s] Level 1:colcon.colcon_core.package_identification:_identify(.) by extensions ['cmake', 'python']
[0.145s] Level 1:colcon.colcon_core.package_identification:_identify(.) by extension 'cmake'
[0.145s] Level 1:colcon.colcon_core.package_identification:_identify(.) by extension 'python'
[0.145s] Level 1:colcon.colcon_core.package_identification:_identify(.) by extensions ['python_setup_py']
[0.145s] Level 1:colcon.colcon_core.package_identification:_identify(.) by extension 'python_setup_py'
[0.145s] Level 1:colcon.colcon_core.package_identification:_identify(build) by extensions ['ignore', 'ignore_ament_install']
[0.145s] Level 1:colcon.colcon_core.package_identification:_identify(build) by extension 'ignore'
[0.145s] Level 1:colcon.colcon_core.package_identification:_identify(build) ignored
[0.146s] Level 1:colcon.colcon_core.package_identification:_identify(install) by extensions ['ignore', 'ignore_ament_install']
[0.146s] Level 1:colcon.colcon_core.package_identification:_identify(install) by extension 'ignore'
[0.146s] Level 1:colcon.colcon_core.package_identification:_identify(install) ignored
[0.146s] Level 1:colcon.colcon_core.package_identification:_identify(log) by extensions ['ignore', 'ignore_ament_install']
[0.146s] Level 1:colcon.colcon_core.package_identification:_identify(log) by extension 'ignore'
[0.146s] Level 1:colcon.colcon_core.package_identification:_identify(log) ignored
[0.146s] Level 1:colcon.colcon_core.package_identification:_identify(src) by extensions ['ignore', 'ignore_ament_install']
[0.146s] Level 1:colcon.colcon_core.package_identification:_identify(src) by extension 'ignore'
[0.146s] Level 1:colcon.colcon_core.package_identification:_identify(src) by extension 'ignore_ament_install'
[0.146s] Level 1:colcon.colcon_core.package_identification:_identify(src) by extensions ['colcon_pkg']
[0.146s] Level 1:colcon.colcon_core.package_identification:_identify(src) by extension 'colcon_pkg'
[0.146s] Level 1:colcon.colcon_core.package_identification:_identify(src) by extensions ['colcon_meta']
[0.146s] Level 1:colcon.colcon_core.package_identification:_identify(src) by extension 'colcon_meta'
[0.146s] Level 1:colcon.colcon_core.package_identification:_identify(src) by extensions ['ros']
[0.146s] Level 1:colcon.colcon_core.package_identification:_identify(src) by extension 'ros'
[0.146s] Level 1:colcon.colcon_core.package_identification:_identify(src) by extensions ['cmake', 'python']
[0.146s] Level 1:colcon.colcon_core.package_identification:_identify(src) by extension 'cmake'
[0.146s] Level 1:colcon.colcon_core.package_identification:_identify(src) by extension 'python'
[0.146s] Level 1:colcon.colcon_core.package_identification:_identify(src) by extensions ['python_setup_py']
[0.146s] Level 1:colcon.colcon_core.package_identification:_identify(src) by extension 'python_setup_py'
[0.146s] Level 1:colcon.colcon_core.package_identification:_identify(src/bot_bringup) by extensions ['ignore', 'ignore_ament_install']
[0.146s] Level 1:colcon.colcon_core.package_identification:_identify(src/bot_bringup) by extension 'ignore'
[0.146s] Level 1:colcon.colcon_core.package_identification:_identify(src/bot_bringup) by extension 'ignore_ament_install'
[0.146s] Level 1:colcon.colcon_core.package_identification:_identify(src/bot_bringup) by extensions ['colcon_pkg']
[0.146s] Level 1:colcon.colcon_core.package_identification:_identify(src/bot_bringup) by extension 'colcon_pkg'
[0.146s] Level 1:colcon.colcon_core.package_identification:_identify(src/bot_bringup) by extensions ['colcon_meta']
[0.146s] Level 1:colcon.colcon_core.package_identification:_identify(src/bot_bringup) by extension 'colcon_meta'
[0.146s] Level 1:colcon.colcon_core.package_identification:_identify(src/bot_bringup) by extensions ['ros']
[0.146s] Level 1:colcon.colcon_core.package_identification:_identify(src/bot_bringup) by extension 'ros'
[0.149s] DEBUG:colcon.colcon_core.package_identification:Package 'src/bot_bringup' with type 'ros.ament_cmake' and name 'bot_bringup'
[0.149s] Level 1:colcon.colcon_core.package_discovery:discover_packages(recursive) using defaults
[0.149s] Level 1:colcon.colcon_core.package_discovery:discover_packages(ignore) discover
[0.149s] Level 1:colcon.colcon_core.package_discovery:discover_packages(ignore) using defaults
[0.149s] Level 1:colcon.colcon_core.package_discovery:discover_packages(path) discover
[0.149s] Level 1:colcon.colcon_core.package_discovery:discover_packages(path) using defaults
[0.165s] Level 1:colcon.colcon_core.package_discovery:discover_packages(prefix_path) check parameters
[0.165s] Level 1:colcon.colcon_core.package_discovery:discover_packages(prefix_path) discover
[0.167s] DEBUG:colcon.colcon_installed_package_information.package_discovery:Found 355 installed packages in /opt/ros/humble
[0.168s] Level 1:colcon.colcon_core.package_discovery:discover_packages(prefix_path) using defaults
[0.190s] Level 5:colcon.colcon_core.verb:set package 'bot_bringup' build argument 'cmake_args' from command line to 'None'
[0.190s] Level 5:colcon.colcon_core.verb:set package 'bot_bringup' build argument 'cmake_target' from command line to 'None'
[0.190s] Level 5:colcon.colcon_core.verb:set package 'bot_bringup' build argument 'cmake_target_skip_unavailable' from command line to 'False'
[0.190s] Level 5:colcon.colcon_core.verb:set package 'bot_bringup' build argument 'cmake_clean_cache' from command line to 'False'
[0.190s] Level 5:colcon.colcon_core.verb:set package 'bot_bringup' build argument 'cmake_clean_first' from command line to 'False'
[0.190s] Level 5:colcon.colcon_core.verb:set package 'bot_bringup' build argument 'cmake_force_configure' from command line to 'False'
[0.190s] Level 5:colcon.colcon_core.verb:set package 'bot_bringup' build argument 'ament_cmake_args' from command line to 'None'
[0.190s] Level 5:colcon.colcon_core.verb:set package 'bot_bringup' build argument 'catkin_cmake_args' from command line to 'None'
[0.190s] Level 5:colcon.colcon_core.verb:set package 'bot_bringup' build argument 'catkin_skip_building_tests' from command line to 'False'
[0.190s] DEBUG:colcon.colcon_core.verb:Building package 'bot_bringup' with the following arguments: {'ament_cmake_args': None, 'build_base': '/home/kraiwich/Lab1_ws/build/bot_bringup', 'catkin_cmake_args': None, 'catkin_skip_building_tests': False, 'cmake_args': None, 'cmake_clean_cache': False, 'cmake_clean_first': False, 'cmake_force_configure': False, 'cmake_target': None, 'cmake_target_skip_unavailable': False, 'install_base': '/home/kraiwich/Lab1_ws/install/bot_bringup', 'merge_install': False, 'path': '/home/kraiwich/Lab1_ws/src/bot_bringup', 'symlink_install': False, 'test_result_base': None}
[0.190s] INFO:colcon.colcon_core.executor:Executing jobs using 'parallel' executor
[0.191s] DEBUG:colcon.colcon_parallel_executor.executor.parallel:run_until_complete
[0.191s] INFO:colcon.colcon_ros.task.ament_cmake.build:Building ROS package in '/home/kraiwich/Lab1_ws/src/bot_bringup' with build type 'ament_cmake'
[0.191s] INFO:colcon.colcon_cmake.task.cmake.build:Building CMake package in '/home/kraiwich/Lab1_ws/src/bot_bringup'
[0.192s] INFO:colcon.colcon_core.plugin_system:Skipping extension 'colcon_core.shell.bat': Not used on non-Windows systems
[0.192s] INFO:colcon.colcon_core.shell:Skip shell extension 'powershell' for command environment: Not usable outside of PowerShell
[0.192s] DEBUG:colcon.colcon_core.shell:Skip shell extension 'dsv' for command environment
[0.197s] DEBUG:colcon.colcon_core.event_handler.log_command:Invoking command in '/home/kraiwich/Lab1_ws/build/bot_bringup': CMAKE_PREFIX_PATH=/opt/ros/humble /usr/bin/cmake /home/kraiwich/Lab1_ws/src/bot_bringup -DCMAKE_INSTALL_PREFIX=/home/kraiwich/Lab1_ws/install/bot_bringup
[1.114s] DEBUG:colcon.colcon_core.event_handler.log_command:Invoked command in '/home/kraiwich/Lab1_ws/build/bot_bringup' returned '0': CMAKE_PREFIX_PATH=/opt/ros/humble /usr/bin/cmake /home/kraiwich/Lab1_ws/src/bot_bringup -DCMAKE_INSTALL_PREFIX=/home/kraiwich/Lab1_ws/install/bot_bringup
[1.115s] DEBUG:colcon.colcon_core.event_handler.log_command:Invoking command in '/home/kraiwich/Lab1_ws/build/bot_bringup': CMAKE_PREFIX_PATH=/opt/ros/humble /usr/bin/cmake --build /home/kraiwich/Lab1_ws/build/bot_bringup -- -j16 -l16
[1.387s] DEBUG:colcon.colcon_core.event_handler.log_command:Invoked command in '/home/kraiwich/Lab1_ws/build/bot_bringup' returned '0': CMAKE_PREFIX_PATH=/opt/ros/humble /usr/bin/cmake --build /home/kraiwich/Lab1_ws/build/bot_bringup -- -j16 -l16
[1.393s] DEBUG:colcon.colcon_core.event_handler.log_command:Invoking command in '/home/kraiwich/Lab1_ws/build/bot_bringup': CMAKE_PREFIX_PATH=/opt/ros/humble /usr/bin/cmake --install /home/kraiwich/Lab1_ws/build/bot_bringup
[1.425s] Level 1:colcon.colcon_core.environment:create_environment_scripts_only(bot_bringup)
[1.425s] DEBUG:colcon.colcon_core.event_handler.log_command:Invoked command in '/home/kraiwich/Lab1_ws/build/bot_bringup' returned '0': CMAKE_PREFIX_PATH=/opt/ros/humble /usr/bin/cmake --install /home/kraiwich/Lab1_ws/build/bot_bringup
[1.428s] Level 1:colcon.colcon_core.environment:checking '/home/kraiwich/Lab1_ws/install/bot_bringup' for CMake module files
[1.428s] Level 1:colcon.colcon_core.environment:checking '/home/kraiwich/Lab1_ws/install/bot_bringup' for CMake config files
[1.428s] Level 1:colcon.colcon_core.shell:create_environment_hook('bot_bringup', 'cmake_prefix_path')
[1.428s] INFO:colcon.colcon_core.shell:Creating environment hook '/home/kraiwich/Lab1_ws/install/bot_bringup/share/bot_bringup/hook/cmake_prefix_path.ps1'
[1.429s] INFO:colcon.colcon_core.shell:Creating environment descriptor '/home/kraiwich/Lab1_ws/install/bot_bringup/share/bot_bringup/hook/cmake_prefix_path.dsv'
[1.429s] INFO:colcon.colcon_core.shell:Creating environment hook '/home/kraiwich/Lab1_ws/install/bot_bringup/share/bot_bringup/hook/cmake_prefix_path.sh'
[1.430s] Level 1:colcon.colcon_core.environment:checking '/home/kraiwich/Lab1_ws/install/bot_bringup/lib'
[1.430s] Level 1:colcon.colcon_core.environment:checking '/home/kraiwich/Lab1_ws/install/bot_bringup/bin'
[1.430s] Level 1:colcon.colcon_core.environment:checking '/home/kraiwich/Lab1_ws/install/bot_bringup/lib/pkgconfig/bot_bringup.pc'
[1.430s] Level 1:colcon.colcon_core.environment:checking '/home/kraiwich/Lab1_ws/install/bot_bringup/lib/python3.10/site-packages'
[1.430s] Level 1:colcon.colcon_core.environment:checking '/home/kraiwich/Lab1_ws/install/bot_bringup/bin'
[1.430s] INFO:colcon.colcon_core.shell:Creating package script '/home/kraiwich/Lab1_ws/install/bot_bringup/share/bot_bringup/package.ps1'
[1.430s] INFO:colcon.colcon_core.shell:Creating package descriptor '/home/kraiwich/Lab1_ws/install/bot_bringup/share/bot_bringup/package.dsv'
[1.431s] INFO:colcon.colcon_core.shell:Creating package script '/home/kraiwich/Lab1_ws/install/bot_bringup/share/bot_bringup/package.sh'
[1.431s] INFO:colcon.colcon_core.shell:Creating package script '/home/kraiwich/Lab1_ws/install/bot_bringup/share/bot_bringup/package.bash'
[1.432s] INFO:colcon.colcon_core.shell:Creating package script '/home/kraiwich/Lab1_ws/install/bot_bringup/share/bot_bringup/package.zsh'
[1.432s] Level 1:colcon.colcon_core.environment:create_file_with_runtime_dependencies(/home/kraiwich/Lab1_ws/install/bot_bringup/share/colcon-core/packages/bot_bringup)
[1.432s] Level 1:colcon.colcon_core.environment:create_environment_scripts_only(bot_bringup)
[1.432s] Level 1:colcon.colcon_core.environment:checking '/home/kraiwich/Lab1_ws/install/bot_bringup' for CMake module files
[1.433s] Level 1:colcon.colcon_core.environment:checking '/home/kraiwich/Lab1_ws/install/bot_bringup' for CMake config files
[1.433s] Level 1:colcon.colcon_core.shell:create_environment_hook('bot_bringup', 'cmake_prefix_path')
[1.433s] INFO:colcon.colcon_core.shell:Creating environment hook '/home/kraiwich/Lab1_ws/install/bot_bringup/share/bot_bringup/hook/cmake_prefix_path.ps1'
[1.433s] INFO:colcon.colcon_core.shell:Creating environment descriptor '/home/kraiwich/Lab1_ws/install/bot_bringup/share/bot_bringup/hook/cmake_prefix_path.dsv'
[1.433s] INFO:colcon.colcon_core.shell:Creating environment hook '/home/kraiwich/Lab1_ws/install/bot_bringup/share/bot_bringup/hook/cmake_prefix_path.sh'
[1.433s] Level 1:colcon.colcon_core.environment:checking '/home/kraiwich/Lab1_ws/install/bot_bringup/lib'
[1.433s] Level 1:colcon.colcon_core.environment:checking '/home/kraiwich/Lab1_ws/install/bot_bringup/bin'
[1.433s] Level 1:colcon.colcon_core.environment:checking '/home/kraiwich/Lab1_ws/install/bot_bringup/lib/pkgconfig/bot_bringup.pc'
[1.434s] Level 1:colcon.colcon_core.environment:checking '/home/kraiwich/Lab1_ws/install/bot_bringup/lib/python3.10/site-packages'
[1.434s] Level 1:colcon.colcon_core.environment:checking '/home/kraiwich/Lab1_ws/install/bot_bringup/bin'
[1.434s] INFO:colcon.colcon_core.shell:Creating package script '/home/kraiwich/Lab1_ws/install/bot_bringup/share/bot_bringup/package.ps1'
[1.434s] INFO:colcon.colcon_core.shell:Creating package descriptor '/home/kraiwich/Lab1_ws/install/bot_bringup/share/bot_bringup/package.dsv'
[1.434s] INFO:colcon.colcon_core.shell:Creating package script '/home/kraiwich/Lab1_ws/install/bot_bringup/share/bot_bringup/package.sh'
[1.435s] INFO:colcon.colcon_core.shell:Creating package script '/home/kraiwich/Lab1_ws/install/bot_bringup/share/bot_bringup/package.bash'
[1.435s] INFO:colcon.colcon_core.shell:Creating package script '/home/kraiwich/Lab1_ws/install/bot_bringup/share/bot_bringup/package.zsh'
[1.435s] Level 1:colcon.colcon_core.environment:create_file_with_runtime_dependencies(/home/kraiwich/Lab1_ws/install/bot_bringup/share/colcon-core/packages/bot_bringup)
[1.435s] DEBUG:colcon.colcon_parallel_executor.executor.parallel:closing loop
[1.435s] DEBUG:colcon.colcon_parallel_executor.executor.parallel:loop closed
[1.435s] DEBUG:colcon.colcon_parallel_executor.executor.parallel:run_until_complete finished with '0'
[1.435s] DEBUG:colcon.colcon_core.event_reactor:joining thread
[1.438s] INFO:colcon.colcon_core.plugin_system:Skipping extension 'colcon_notification.desktop_notification.terminal_notifier': Not used on non-Darwin systems
[1.438s] INFO:colcon.colcon_core.plugin_system:Skipping extension 'colcon_notification.desktop_notification.win32': Not used on non-Windows systems
[1.438s] INFO:colcon.colcon_notification.desktop_notification:Sending desktop notification using 'notify2'
[1.447s] DEBUG:colcon.colcon_core.event_reactor:joined thread
[1.447s] INFO:colcon.colcon_core.shell:Creating prefix script '/home/kraiwich/Lab1_ws/install/local_setup.ps1'
[1.447s] INFO:colcon.colcon_core.shell:Creating prefix util module '/home/kraiwich/Lab1_ws/install/_local_setup_util_ps1.py'
[1.448s] INFO:colcon.colcon_core.shell:Creating prefix chain script '/home/kraiwich/Lab1_ws/install/setup.ps1'
[1.449s] INFO:colcon.colcon_core.shell:Creating prefix script '/home/kraiwich/Lab1_ws/install/local_setup.sh'
[1.449s] INFO:colcon.colcon_core.shell:Creating prefix util module '/home/kraiwich/Lab1_ws/install/_local_setup_util_sh.py'
[1.449s] INFO:colcon.colcon_core.shell:Creating prefix chain script '/home/kraiwich/Lab1_ws/install/setup.sh'
[1.450s] INFO:colcon.colcon_core.shell:Creating prefix script '/home/kraiwich/Lab1_ws/install/local_setup.bash'
[1.450s] INFO:colcon.colcon_core.shell:Creating prefix chain script '/home/kraiwich/Lab1_ws/install/setup.bash'
[1.451s] INFO:colcon.colcon_core.shell:Creating prefix script '/home/kraiwich/Lab1_ws/install/local_setup.zsh'
[1.451s] INFO:colcon.colcon_core.shell:Creating prefix chain script '/home/kraiwich/Lab1_ws/install/setup.zsh'
